[37mStarted GET   / for ::1at Mon Sep 04 2017 20:15:12 GMT+0800 (CST)[39m
[37m  [35mquery[37m:{}[39m
[31m  Error: ENOTDIR: not a directory, open '/Users/hezhuopeng/Desktop/rxjs-xhr/index.html/utf8'
      at Object.fs.openSync (fs.js:582:18)
      at Object.fs.readFileSync (fs.js:489:33)
      at Object.<anonymous> (/Users/hezhuopeng/Desktop/rxjs-xhr/app.js:51:24)
      at step (/Users/hezhuopeng/Desktop/rxjs-xhr/app.js:32:23)
      at Object.next (/Users/hezhuopeng/Desktop/rxjs-xhr/app.js:13:53)
      at /Users/hezhuopeng/Desktop/rxjs-xhr/app.js:7:71
      at __awaiter (/Users/hezhuopeng/Desktop/rxjs-xhr/app.js:3:12)
      at /Users/hezhuopeng/Desktop/rxjs-xhr/app.js:48:41
      at dispatch (/Users/hezhuopeng/Desktop/rxjs-xhr/node_modules/koa-compose/index.js:44:32)
      at next (/Users/hezhuopeng/Desktop/rxjs-xhr/node_modules/koa-compose/index.js:45:18)

[39m
[37mStarted GET   / for ::1at Mon Sep 04 2017 20:15:44 GMT+0800 (CST)[39m
[37m  [35mquery[37m:{}[39m
[37mCompleted in 18ms  200

[39m
[37mStarted GET   /static/SubjectSubscription.js.map for ::1at Mon Sep 04 2017 20:15:45 GMT+0800 (CST)[39m
[37m  [35mquery[37m:{}[39m
[37mCompleted in 4ms  404

[39m
[37mStarted GET   / for ::1at Mon Sep 04 2017 20:16:12 GMT+0800 (CST)[39m
[37m  [35mquery[37m:{}[39m
[37mCompleted in 15ms  200

[39m
[37mStarted GET   /haha? for ::1at Mon Sep 04 2017 20:16:12 GMT+0800 (CST)[39m
[37m  [35mquery[37m:{}[39m
[37mCompleted in 1ms  200

[39m
[37mStarted GET   /static/SubjectSubscription.js.map for ::1at Mon Sep 04 2017 20:16:12 GMT+0800 (CST)[39m
[37m  [35mquery[37m:{}[39m
[37mCompleted in 2ms  404

[39m
