[37mStarted GET   / for ::1at Tue Sep 05 2017 10:57:12 GMT+0800 (CST)[39m
[37m  [35mquery[37m:{}[39m
[37mCompleted in 12ms  200

[39m
[37mStarted GET   /haha?sex=asdsd& for ::1at Tue Sep 05 2017 10:57:12 GMT+0800 (CST)[39m
[37m  [35mquery[37m:{"sex":"asdsd"}[39m
[37mCompleted in 2ms  200

[39m
[37mStarted POST   /haha?id=123& for ::1at Tue Sep 05 2017 10:57:12 GMT+0800 (CST)[39m
[37m  [35mquery[37m:{"id":"123"}[39m
[37mCompleted in 2ms  200

[39m
[37mStarted DELETE   /haha?name=asdasd& for ::1at Tue Sep 05 2017 10:57:12 GMT+0800 (CST)[39m
[37m  [35mquery[37m:{"name":"asdasd"}[39m
[37mCompleted in 0ms  200

[39m
[37mStarted PUT   /haha?id=123& for ::1at Tue Sep 05 2017 10:57:12 GMT+0800 (CST)[39m
[37m  [35mquery[37m:{"id":"123"}[39m
[37mCompleted in 1ms  200

[39m
[37mStarted GET   / for ::1at Tue Sep 05 2017 10:57:17 GMT+0800 (CST)[39m
[37m  [35mquery[37m:{}[39m
[37mCompleted in 1ms  200

[39m
[37mStarted GET   /haha?sex=asdsd& for ::1at Tue Sep 05 2017 10:57:17 GMT+0800 (CST)[39m
[37m  [35mquery[37m:{"sex":"asdsd"}[39m
[37mCompleted in 0ms  200

[39m
[37mStarted POST   /haha?id=123& for ::1at Tue Sep 05 2017 10:57:17 GMT+0800 (CST)[39m
[37m  [35mquery[37m:{"id":"123"}[39m
[37mCompleted in 1ms  200

[39m
[37mStarted DELETE   /haha?name=asdasd& for ::1at Tue Sep 05 2017 10:57:17 GMT+0800 (CST)[39m
[37m  [35mquery[37m:{"name":"asdasd"}[39m
[37mCompleted in 2ms  200

[39m
[37mStarted PUT   /haha?id=123& for ::1at Tue Sep 05 2017 10:57:17 GMT+0800 (CST)[39m
[37m  [35mquery[37m:{"id":"123"}[39m
[37mCompleted in 1ms  200

[39m
[37mStarted GET   /static/filter.js.map for ::1at Tue Sep 05 2017 10:57:17 GMT+0800 (CST)[39m
[37m  [35mquery[37m:{}[39m
[37mCompleted in 3ms  404

[39m
[37mStarted GET   / for ::1at Tue Sep 05 2017 10:57:49 GMT+0800 (CST)[39m
[37m  [35mquery[37m:{}[39m
[37mCompleted in 15ms  200

[39m
[37mStarted GET   /haha?sex=asdsd& for ::1at Tue Sep 05 2017 10:57:49 GMT+0800 (CST)[39m
[37m  [35mquery[37m:{"sex":"asdsd"}[39m
[37mCompleted in 3ms  200

[39m
[37mStarted POST   /haha?id=123& for ::1at Tue Sep 05 2017 10:57:49 GMT+0800 (CST)[39m
[37m  [35mquery[37m:{"id":"123"}[39m
[37mCompleted in 3ms  200

[39m
[37mStarted DELETE   /haha?name=asdasd& for ::1at Tue Sep 05 2017 10:57:49 GMT+0800 (CST)[39m
[37m  [35mquery[37m:{"name":"asdasd"}[39m
[37mCompleted in 1ms  200

[39m
[37mStarted PUT   /haha?id=123& for ::1at Tue Sep 05 2017 10:57:49 GMT+0800 (CST)[39m
[37m  [35mquery[37m:{"id":"123"}[39m
[37mCompleted in 1ms  200

[39m
[37mStarted GET   /static/filter.js.map for ::1at Tue Sep 05 2017 10:57:49 GMT+0800 (CST)[39m
[37m  [35mquery[37m:{}[39m
[37mCompleted in 2ms  404

[39m
[37mStarted GET   / for ::1at Tue Sep 05 2017 10:59:27 GMT+0800 (CST)[39m
[37m  [35mquery[37m:{}[39m
[37mCompleted in 23ms  200

[39m
[37mStarted GET   /haha?sex=asdsd& for ::1at Tue Sep 05 2017 10:59:27 GMT+0800 (CST)[39m
[37m  [35mquery[37m:{"sex":"asdsd"}[39m
[37mCompleted in 3ms  200

[39m
[37mStarted POST   /haha?id=123& for ::1at Tue Sep 05 2017 10:59:27 GMT+0800 (CST)[39m
[37m  [35mquery[37m:{"id":"123"}[39m
[37mCompleted in 11ms  200

[39m
[37mStarted DELETE   /haha?name=asdasd& for ::1at Tue Sep 05 2017 10:59:27 GMT+0800 (CST)[39m
[37m  [35mquery[37m:{"name":"asdasd"}[39m
[37mCompleted in 3ms  200

[39m
[37mStarted PUT   /haha?id=123& for ::1at Tue Sep 05 2017 10:59:27 GMT+0800 (CST)[39m
[37m  [35mquery[37m:{"id":"123"}[39m
[37mCompleted in 1ms  200

[39m
[37mStarted GET   /static/Notification.js.map for ::1at Tue Sep 05 2017 10:59:27 GMT+0800 (CST)[39m
[37m  [35mquery[37m:{}[39m
[37mCompleted in 9ms  404

[39m
[37mStarted GET   / for ::1at Tue Sep 05 2017 10:59:28 GMT+0800 (CST)[39m
[37m  [35mquery[37m:{}[39m
[37mCompleted in 1ms  200

[39m
[37mStarted GET   /haha?sex=asdsd& for ::1at Tue Sep 05 2017 10:59:28 GMT+0800 (CST)[39m
[37m  [35mquery[37m:{"sex":"asdsd"}[39m
[37mCompleted in 1ms  200

[39m
[37mStarted POST   /haha?id=123& for ::1at Tue Sep 05 2017 10:59:28 GMT+0800 (CST)[39m
[37m  [35mquery[37m:{"id":"123"}[39m
[37mCompleted in 2ms  200

[39m
[37mStarted DELETE   /haha?name=asdasd& for ::1at Tue Sep 05 2017 10:59:28 GMT+0800 (CST)[39m
[37m  [35mquery[37m:{"name":"asdasd"}[39m
[37mCompleted in 1ms  200

[39m
[37mStarted PUT   /haha?id=123& for ::1at Tue Sep 05 2017 10:59:28 GMT+0800 (CST)[39m
[37m  [35mquery[37m:{"id":"123"}[39m
[37mCompleted in 1ms  200

[39m
[37mStarted GET   /static/Notification.js.map for ::1at Tue Sep 05 2017 10:59:28 GMT+0800 (CST)[39m
[37m  [35mquery[37m:{}[39m
[37mCompleted in 1ms  404

[39m
[37mStarted GET   / for ::1at Tue Sep 05 2017 10:59:30 GMT+0800 (CST)[39m
[37m  [35mquery[37m:{}[39m
[37mCompleted in 1ms  200

[39m
[37mStarted GET   /haha?sex=asdsd& for ::1at Tue Sep 05 2017 10:59:30 GMT+0800 (CST)[39m
[37m  [35mquery[37m:{"sex":"asdsd"}[39m
[37mCompleted in 1ms  200

[39m
[37mStarted POST   /haha?id=123& for ::1at Tue Sep 05 2017 10:59:30 GMT+0800 (CST)[39m
[37m  [35mquery[37m:{"id":"123"}[39m
[37mCompleted in 3ms  200

[39m
[37mStarted DELETE   /haha?name=asdasd& for ::1at Tue Sep 05 2017 10:59:30 GMT+0800 (CST)[39m
[37m  [35mquery[37m:{"name":"asdasd"}[39m
[37mCompleted in 3ms  200

[39m
[37mStarted PUT   /haha?id=123& for ::1at Tue Sep 05 2017 10:59:30 GMT+0800 (CST)[39m
[37m  [35mquery[37m:{"id":"123"}[39m
[37mCompleted in 0ms  200

[39m
[37mStarted GET   /static/Notification.js.map for ::1at Tue Sep 05 2017 10:59:30 GMT+0800 (CST)[39m
[37m  [35mquery[37m:{}[39m
[37mCompleted in 1ms  404

[39m
[37mStarted GET   / for ::1at Tue Sep 05 2017 10:59:31 GMT+0800 (CST)[39m
[37m  [35mquery[37m:{}[39m
[37mCompleted in 1ms  200

[39m
[37mStarted GET   /haha?sex=asdsd& for ::1at Tue Sep 05 2017 10:59:31 GMT+0800 (CST)[39m
[37m  [35mquery[37m:{"sex":"asdsd"}[39m
[37mCompleted in 1ms  200

[39m
[37mStarted POST   /haha?id=123& for ::1at Tue Sep 05 2017 10:59:31 GMT+0800 (CST)[39m
[37m  [35mquery[37m:{"id":"123"}[39m
[37mCompleted in 1ms  200

[39m
[37mStarted DELETE   /haha?name=asdasd& for ::1at Tue Sep 05 2017 10:59:31 GMT+0800 (CST)[39m
[37m  [35mquery[37m:{"name":"asdasd"}[39m
[37mCompleted in 2ms  200

[39m
[37mStarted PUT   /haha?id=123& for ::1at Tue Sep 05 2017 10:59:31 GMT+0800 (CST)[39m
[37m  [35mquery[37m:{"id":"123"}[39m
[37mCompleted in 2ms  200

[39m
[37mStarted GET   /static/Notification.js.map for ::1at Tue Sep 05 2017 10:59:31 GMT+0800 (CST)[39m
[37m  [35mquery[37m:{}[39m
[37mCompleted in 1ms  404

[39m
[37mStarted GET   / for ::1at Tue Sep 05 2017 10:59:32 GMT+0800 (CST)[39m
[37m  [35mquery[37m:{}[39m
[37mCompleted in 2ms  200

[39m
[37mStarted GET   /haha?sex=asdsd& for ::1at Tue Sep 05 2017 10:59:32 GMT+0800 (CST)[39m
[37m  [35mquery[37m:{"sex":"asdsd"}[39m
[37mCompleted in 2ms  200

[39m
[37mStarted POST   /haha?id=123& for ::1at Tue Sep 05 2017 10:59:32 GMT+0800 (CST)[39m
[37m  [35mquery[37m:{"id":"123"}[39m
[37mCompleted in 1ms  200

[39m
[37mStarted DELETE   /haha?name=asdasd& for ::1at Tue Sep 05 2017 10:59:32 GMT+0800 (CST)[39m
[37m  [35mquery[37m:{"name":"asdasd"}[39m
[37mCompleted in 0ms  200

[39m
[37mStarted PUT   /haha?id=123& for ::1at Tue Sep 05 2017 10:59:32 GMT+0800 (CST)[39m
[37m  [35mquery[37m:{"id":"123"}[39m
[37mCompleted in 1ms  200

[39m
[37mStarted GET   /static/Notification.js.map for ::1at Tue Sep 05 2017 10:59:32 GMT+0800 (CST)[39m
[37m  [35mquery[37m:{}[39m
[37mCompleted in 1ms  404

[39m
[37mStarted GET   / for ::1at Tue Sep 05 2017 11:00:34 GMT+0800 (CST)[39m
[37m  [35mquery[37m:{}[39m
[37mCompleted in 22ms  200

[39m
[37mStarted GET   /haha?sex=asdsd& for ::1at Tue Sep 05 2017 11:00:34 GMT+0800 (CST)[39m
[37m  [35mquery[37m:{"sex":"asdsd"}[39m
[37mCompleted in 1ms  200

[39m
[37mStarted POST   /haha?id=123& for ::1at Tue Sep 05 2017 11:00:34 GMT+0800 (CST)[39m
[37m  [35mquery[37m:{"id":"123"}[39m
[37mCompleted in 3ms  200

[39m
[37mStarted DELETE   /haha?name=asdasd& for ::1at Tue Sep 05 2017 11:00:34 GMT+0800 (CST)[39m
[37m  [35mquery[37m:{"name":"asdasd"}[39m
[37mCompleted in 1ms  200

[39m
[37mStarted PUT   /haha?id=123& for ::1at Tue Sep 05 2017 11:00:34 GMT+0800 (CST)[39m
[37m  [35mquery[37m:{"id":"123"}[39m
[37mCompleted in 1ms  200

[39m
[37mStarted GET   /static/Notification.js.map for ::1at Tue Sep 05 2017 11:00:34 GMT+0800 (CST)[39m
[37m  [35mquery[37m:{}[39m
[37mCompleted in 3ms  404

[39m
[37mStarted GET   / for ::1at Tue Sep 05 2017 11:10:20 GMT+0800 (CST)[39m
[37m  [35mquery[37m:{}[39m
[37mCompleted in 14ms  200

[39m
[37mStarted GET   /haha?sex=asdsd& for ::1at Tue Sep 05 2017 11:10:20 GMT+0800 (CST)[39m
[37m  [35mquery[37m:{"sex":"asdsd"}[39m
[37mCompleted in 2ms  200

[39m
[37mStarted POST   /haha?id=123& for ::1at Tue Sep 05 2017 11:10:20 GMT+0800 (CST)[39m
[37m  [35mquery[37m:{"id":"123"}[39m
[37mCompleted in 3ms  200

[39m
[37mStarted DELETE   /haha?name=asdasd& for ::1at Tue Sep 05 2017 11:10:20 GMT+0800 (CST)[39m
[37m  [35mquery[37m:{"name":"asdasd"}[39m
[37mCompleted in 1ms  200

[39m
[37mStarted PUT   /haha?id=123& for ::1at Tue Sep 05 2017 11:10:20 GMT+0800 (CST)[39m
[37m  [35mquery[37m:{"id":"123"}[39m
[37mCompleted in 1ms  200

[39m
[37mStarted GET   /static/Notification.js.map for ::1at Tue Sep 05 2017 11:10:20 GMT+0800 (CST)[39m
[37m  [35mquery[37m:{}[39m
[37mCompleted in 2ms  404

[39m
[37mStarted GET   / for ::1at Tue Sep 05 2017 11:10:21 GMT+0800 (CST)[39m
[37m  [35mquery[37m:{}[39m
[37mCompleted in 1ms  200

[39m
[37mStarted GET   /haha?sex=asdsd& for ::1at Tue Sep 05 2017 11:10:21 GMT+0800 (CST)[39m
[37m  [35mquery[37m:{"sex":"asdsd"}[39m
[37mCompleted in 1ms  200

[39m
[37mStarted POST   /haha?id=123& for ::1at Tue Sep 05 2017 11:10:21 GMT+0800 (CST)[39m
[37m  [35mquery[37m:{"id":"123"}[39m
[37mCompleted in 1ms  200

[39m
[37mStarted DELETE   /haha?name=asdasd& for ::1at Tue Sep 05 2017 11:10:21 GMT+0800 (CST)[39m
[37m  [35mquery[37m:{"name":"asdasd"}[39m
[37mCompleted in 1ms  200

[39m
[37mStarted PUT   /haha?id=123& for ::1at Tue Sep 05 2017 11:10:21 GMT+0800 (CST)[39m
[37m  [35mquery[37m:{"id":"123"}[39m
[37mCompleted in 2ms  200

[39m
[37mStarted GET   /static/Notification.js.map for ::1at Tue Sep 05 2017 11:10:21 GMT+0800 (CST)[39m
[37m  [35mquery[37m:{}[39m
[37mCompleted in 2ms  404

[39m
[37mStarted GET   / for ::1at Tue Sep 05 2017 11:10:22 GMT+0800 (CST)[39m
[37m  [35mquery[37m:{}[39m
[37mCompleted in 1ms  200

[39m
[37mStarted GET   /haha?sex=asdsd& for ::1at Tue Sep 05 2017 11:10:22 GMT+0800 (CST)[39m
[37m  [35mquery[37m:{"sex":"asdsd"}[39m
[37mCompleted in 1ms  200

[39m
[37mStarted POST   /haha?id=123& for ::1at Tue Sep 05 2017 11:10:22 GMT+0800 (CST)[39m
[37m  [35mquery[37m:{"id":"123"}[39m
[37mCompleted in 2ms  200

[39m
[37mStarted DELETE   /haha?name=asdasd& for ::1at Tue Sep 05 2017 11:10:22 GMT+0800 (CST)[39m
[37m  [35mquery[37m:{"name":"asdasd"}[39m
[37mCompleted in 1ms  200

[39m
[37mStarted PUT   /haha?id=123& for ::1at Tue Sep 05 2017 11:10:22 GMT+0800 (CST)[39m
[37m  [35mquery[37m:{"id":"123"}[39m
[37mCompleted in 1ms  200

[39m
[37mStarted GET   /static/Notification.js.map for ::1at Tue Sep 05 2017 11:10:22 GMT+0800 (CST)[39m
[37m  [35mquery[37m:{}[39m
[37mCompleted in 1ms  404

[39m
